{"name":"hexo","hostname":"NB-DELL-015","pid":16740,"level":20,"msg":"Hexo version: \u001b[35m3.3.5\u001b[39m","time":"2017-05-22T00:40:43.162Z","v":0}
{"name":"hexo","hostname":"NB-DELL-015","pid":16740,"level":20,"msg":"Working directory: \u001b[35mD:\\0201-Hexo\\\u001b[39m","time":"2017-05-22T00:40:43.192Z","v":0}
{"name":"hexo","hostname":"NB-DELL-015","pid":16740,"level":20,"msg":"Config loaded: \u001b[35mD:\\0201-Hexo\\_config.yml\u001b[39m","time":"2017-05-22T00:40:43.350Z","v":0}
{"name":"hexo","hostname":"NB-DELL-015","pid":16740,"level":20,"msg":"Plugin loaded: \u001b[35mhexo-filter-flowchart\u001b[39m","time":"2017-05-22T00:40:43.396Z","v":0}
{"name":"hexo","hostname":"NB-DELL-015","pid":16740,"level":20,"msg":"Plugin loaded: \u001b[35mhexo-generator-archive\u001b[39m","time":"2017-05-22T00:40:43.402Z","v":0}
{"name":"hexo","hostname":"NB-DELL-015","pid":16740,"level":20,"msg":"Plugin loaded: \u001b[35mhexo-generator-category\u001b[39m","time":"2017-05-22T00:40:43.405Z","v":0}
{"name":"hexo","hostname":"NB-DELL-015","pid":16740,"level":20,"msg":"Plugin loaded: \u001b[35mhexo-generator-json-content\u001b[39m","time":"2017-05-22T00:40:43.446Z","v":0}
{"name":"hexo","hostname":"NB-DELL-015","pid":16740,"level":20,"msg":"Plugin loaded: \u001b[35mhexo-generator-tag\u001b[39m","time":"2017-05-22T00:40:43.449Z","v":0}
{"name":"hexo","hostname":"NB-DELL-015","pid":16740,"level":20,"msg":"Plugin loaded: \u001b[35mhexo-renderer-ejs\u001b[39m","time":"2017-05-22T00:40:43.453Z","v":0}
{"name":"hexo","hostname":"NB-DELL-015","pid":16740,"level":20,"msg":"Plugin loaded: \u001b[35mhexo-generator-index\u001b[39m","time":"2017-05-22T00:40:43.455Z","v":0}
{"name":"hexo","hostname":"NB-DELL-015","pid":16740,"level":20,"msg":"Plugin loaded: \u001b[35mhexo-renderer-marked\u001b[39m","time":"2017-05-22T00:40:43.463Z","v":0}
{"name":"hexo","hostname":"NB-DELL-015","pid":16740,"level":20,"msg":"Plugin loaded: \u001b[35mhexo-renderer-stylus\u001b[39m","time":"2017-05-22T00:40:43.464Z","v":0}
{"name":"hexo","hostname":"NB-DELL-015","pid":16740,"level":20,"msg":"Plugin loaded: \u001b[35mhexo-deployer-git\u001b[39m","time":"2017-05-22T00:40:43.482Z","v":0}
{"name":"hexo","hostname":"NB-DELL-015","pid":16740,"level":20,"msg":"Plugin loaded: \u001b[35mhexo-server\u001b[39m","time":"2017-05-22T00:40:43.573Z","v":0}
{"name":"hexo","hostname":"NB-DELL-015","pid":16740,"level":20,"msg":"Loading database.","time":"2017-05-22T00:40:43.616Z","v":0}
{"name":"hexo","hostname":"NB-DELL-015","pid":16740,"level":30,"msg":"Start processing","time":"2017-05-22T00:40:43.639Z","v":0}
{"name":"hexo","hostname":"NB-DELL-015","pid":16740,"level":20,"msg":"Processed: \u001b[35m_posts/2017/2017-05-21-【Linux命令】Linux命令必知001：cd.md\u001b[39m","time":"2017-05-22T00:40:43.705Z","v":0}
{"name":"hexo","hostname":"NB-DELL-015","pid":16740,"level":20,"msg":"Processed: \u001b[35m_posts/2017/2017-05-21-【Linux命令】Linux命令必知002：ls.md\u001b[39m","time":"2017-05-22T00:40:43.725Z","v":0}
{"name":"hexo","hostname":"NB-DELL-015","pid":16740,"level":20,"msg":"Processed: \u001b[35m_posts/2017/2017-05-21-【Linux工具】vi和vim.md\u001b[39m","time":"2017-05-22T00:40:43.726Z","v":0}
{"name":"hexo","hostname":"NB-DELL-015","pid":16740,"level":20,"msg":"Processed: \u001b[35m_posts/2017/2017-05-21-【Linux命令】Linux命令必知003：pwd.md\u001b[39m","time":"2017-05-22T00:40:43.735Z","v":0}
{"name":"hexo","hostname":"NB-DELL-015","pid":16740,"level":20,"msg":"Processed: \u001b[35m_posts/2017/2017-05-20-【基石工具】Markdown进阶篇.md\u001b[39m","time":"2017-05-22T00:40:43.744Z","v":0}
{"name":"hexo","hostname":"NB-DELL-015","pid":16740,"level":20,"msg":"Processed: \u001b[35m_posts/2017/2017-05-20-【基石工具】Markdown基础篇.md\u001b[39m","time":"2017-05-22T00:40:43.748Z","v":0}
{"name":"hexo","hostname":"NB-DELL-015","pid":16740,"level":20,"msg":"Generator: \u001b[35mpage\u001b[39m","time":"2017-05-22T00:40:45.010Z","v":0}
{"name":"hexo","hostname":"NB-DELL-015","pid":16740,"level":20,"msg":"Generator: \u001b[35mpost\u001b[39m","time":"2017-05-22T00:40:45.015Z","v":0}
{"name":"hexo","hostname":"NB-DELL-015","pid":16740,"level":20,"msg":"Generator: \u001b[35marchive\u001b[39m","time":"2017-05-22T00:40:45.015Z","v":0}
{"name":"hexo","hostname":"NB-DELL-015","pid":16740,"level":20,"msg":"Generator: \u001b[35mcategory\u001b[39m","time":"2017-05-22T00:40:45.017Z","v":0}
{"name":"hexo","hostname":"NB-DELL-015","pid":16740,"level":20,"msg":"Generator: \u001b[35mjson-content\u001b[39m","time":"2017-05-22T00:40:45.022Z","v":0}
{"name":"hexo","hostname":"NB-DELL-015","pid":16740,"level":20,"msg":"Generator: \u001b[35mtag\u001b[39m","time":"2017-05-22T00:40:45.023Z","v":0}
{"name":"hexo","hostname":"NB-DELL-015","pid":16740,"level":20,"msg":"Generator: \u001b[35mindex\u001b[39m","time":"2017-05-22T00:40:45.025Z","v":0}
{"name":"hexo","hostname":"NB-DELL-015","pid":16740,"level":20,"msg":"Generator: \u001b[35masset\u001b[39m","time":"2017-05-22T00:40:45.027Z","v":0}
{"name":"hexo","hostname":"NB-DELL-015","pid":16740,"level":30,"msg":"Hexo is running at \u001b[4mhttp://localhost:4000/\u001b[24m. Press Ctrl+C to stop.","time":"2017-05-22T00:40:45.037Z","v":0}
{"name":"hexo","hostname":"NB-DELL-015","pid":16740,"level":20,"msg":"Database saved","time":"2017-05-22T00:40:45.048Z","v":0}
{"name":"hexo","hostname":"NB-DELL-015","pid":16740,"level":40,"msg":"No layout: \u001b[35mindex.html\u001b[39m","time":"2017-05-22T00:41:08.255Z","v":0}
{"name":"hexo","hostname":"NB-DELL-015","pid":16740,"level":40,"msg":"No layout: \u001b[35mindex.html\u001b[39m","time":"2017-05-22T00:41:12.900Z","v":0}
{"name":"hexo","hostname":"NB-DELL-015","pid":16740,"level":30,"msg":"See you again","time":"2017-05-22T00:42:08.287Z","v":0}
{"name":"hexo","hostname":"NB-DELL-015","pid":16740,"level":20,"msg":"Database saved","time":"2017-05-22T00:42:08.315Z","v":0}
